<?xml version="1.0" encoding="UTF-8"?>
<!-- Generated by org.testng.reporters.JUnitReportReporter -->
<testsuite hostname="Kalpesh" failures="0" tests="5" name="parallel.ParallelRun" time="259.844" errors="0" timestamp="29 May 2022 10:23:18 GMT" skipped="0">
  <testcase classname="parallel.ParallelRun" name="runScenario" time="40.175"/>
  <testcase classname="parallel.ParallelRun" name="runScenario" time="55.341"/>
  <testcase classname="parallel.ParallelRun" name="runScenario" time="49.733"/>
  <testcase classname="parallel.ParallelRun" name="runScenario" time="58.759"/>
  <testcase classname="parallel.ParallelRun" name="runScenario" time="55.836"/>
</testsuite> <!-- parallel.ParallelRun -->
